<?xml version="1.0" encoding="UTF-8"?>
<testng-results skipped="0" failed="0" total="1" passed="1">
  <reporter-output>
    <line>
      <![CDATA[Title is matchingOrangeHRM]]>
    </line>
    <line>
      <![CDATA[List is sorted:Pass]]>
    </line>
  </reporter-output>
  <suite name="Default suite" duration-ms="12159" started-at="2019-03-28T00:50:29Z" finished-at="2019-03-28T00:50:42Z">
    <groups>
    </groups>
    <test name="Default test" duration-ms="12159" started-at="2019-03-28T00:50:29Z" finished-at="2019-03-28T00:50:42Z">
      <class name="scripts.TestScripts">
        <test-method status="PASS" signature="preCondition()[pri:0, instance:scripts.TestScripts@6adca536]" name="preCondition" is-config="true" duration-ms="5960" started-at="2019-03-27T17:50:29Z" finished-at="2019-03-27T17:50:35Z">
          <reporter-output>
          </reporter-output>
        </test-method> <!-- preCondition -->
        <test-method status="PASS" signature="testListBoxSortedOrNot()[pri:0, instance:scripts.TestScripts@6adca536]" name="testListBoxSortedOrNot" duration-ms="5542" started-at="2019-03-27T17:50:35Z" finished-at="2019-03-27T17:50:41Z">
          <reporter-output>
            <line>
              <![CDATA[Title is matchingOrangeHRM]]>
            </line>
            <line>
              <![CDATA[List is sorted:Pass]]>
            </line>
          </reporter-output>
        </test-method> <!-- testListBoxSortedOrNot -->
        <test-method status="PASS" signature="postCondition()[pri:0, instance:scripts.TestScripts@6adca536]" name="postCondition" is-config="true" duration-ms="634" started-at="2019-03-27T17:50:41Z" finished-at="2019-03-27T17:50:42Z">
          <reporter-output>
          </reporter-output>
        </test-method> <!-- postCondition -->
      </class> <!-- scripts.TestScripts -->
    </test> <!-- Default test -->
  </suite> <!-- Default suite -->
</testng-results>
